2019-02-10 00:20:54,282:INFO:moddb: Has no scope
2019-02-10 00:20:54,293:INFO:moddb: Has no boxart
2019-02-10 00:20:55,020:INFO:moddb: Has no scope
2019-02-10 00:20:55,032:INFO:moddb: Has no boxart
2019-02-10 00:20:55,525:INFO:moddb: Has no scope
2019-02-10 00:20:55,535:INFO:moddb: Has no boxart
2019-02-10 00:20:55,879:INFO:moddb: mods ILTY Re : Back to Earth has no homepage
2019-02-10 00:20:55,915:INFO:moddb: Has no scope
2019-02-10 00:20:55,922:INFO:moddb: Has no boxart
2019-02-10 00:20:55,932:INFO:moddb: mods ILTY Re : Back to Earth has no article suggestions
2019-02-10 00:20:55,932:INFO:moddb: mods ILTY Re : Back to Earth has no front page article
2019-02-10 00:20:56,334:INFO:moddb: mods Armory has no homepage
2019-02-10 00:20:56,374:INFO:moddb: Has no scope
2019-02-10 00:20:56,381:INFO:moddb: Has no boxart
2019-02-10 00:20:56,393:INFO:moddb: mods Armory has no article suggestions
2019-02-10 00:20:56,393:INFO:moddb: mods Armory has no front page article
2019-02-10 00:20:56,997:INFO:moddb: Has no scope
2019-02-10 00:20:57,007:INFO:moddb: Has no boxart
2019-02-10 00:20:57,575:INFO:moddb: Something funky about share box of mods Middle Earth at War
2019-02-10 00:20:57,577:INFO:moddb: mods Middle Earth at War has not been released
2019-02-10 00:20:57,577:INFO:moddb: mods Middle Earth at War has no homepage
2019-02-10 00:20:57,629:INFO:moddb: Has no scope
2019-02-10 00:20:57,638:INFO:moddb: Has no boxart
2019-02-10 00:20:57,684:INFO:moddb: mods Middle Earth at War is not rated
2019-02-10 00:20:58,229:INFO:moddb: mods Zeruel87 Mod has no homepage
2019-02-10 00:20:58,285:INFO:moddb: Has no scope
2019-02-10 00:20:58,295:INFO:moddb: Has no boxart
